c:\users\sqjm\desktop\super-cpp\super-cpp\x64\debug\vc143.pdb
c:\users\sqjm\desktop\super-cpp\super-cpp\x64\debug\vc143.idb
c:\users\sqjm\desktop\super-language\compiler\super-cpp20-vs2022\super-cpp\x64\debug\vc143.pdb
c:\users\sqjm\desktop\super-language\compiler\super-cpp20-vs2022\super-cpp\x64\debug\vc143.idb
c:\users\sqjm\desktop\super-language\compiler\super-cpp20-vs2022\super-cpp\x64\debug\token_name.obj
c:\users\sqjm\desktop\super-language\compiler\super-cpp20-vs2022\super-cpp\x64\debug\ast.obj
c:\users\sqjm\desktop\super-language\compiler\super-cpp20-vs2022\super-cpp\x64\debug\string.obj
c:\users\sqjm\desktop\super-language\compiler\super-cpp20-vs2022\super-cpp\x64\debug\file.obj
c:\users\sqjm\desktop\super-language\compiler\super-cpp20-vs2022\super-cpp\x64\debug\command_parsing.obj
c:\users\sqjm\desktop\super-language\compiler\super-cpp20-vs2022\super-cpp\x64\debug\keyword.obj
c:\users\sqjm\desktop\super-language\compiler\super-cpp20-vs2022\super-cpp\x64\debug\info.obj
c:\users\sqjm\desktop\super-language\compiler\super-cpp20-vs2022\super-cpp\x64\debug\error.obj
c:\users\sqjm\desktop\super-language\compiler\super-cpp20-vs2022\super-cpp\x64\debug\ir.obj
c:\users\sqjm\desktop\super-language\compiler\super-cpp20-vs2022\super-cpp\x64\debug\remove_note.obj
c:\users\sqjm\desktop\super-language\compiler\super-cpp20-vs2022\super-cpp\x64\debug\parenthesis.obj
c:\users\sqjm\desktop\super-language\compiler\super-cpp20-vs2022\super-cpp\x64\debug\extract_token.obj
c:\users\sqjm\desktop\super-language\compiler\super-cpp20-vs2022\super-cpp\x64\debug\global_data.obj
c:\users\sqjm\desktop\super-language\compiler\super-cpp20-vs2022\super-cpp\x64\debug\main.obj
c:\users\sqjm\desktop\super-language\compiler\super-cpp20-vs2022\x64\debug\super-cpp.exe
c:\users\sqjm\desktop\super-language\compiler\super-cpp20-vs2022\x64\debug\super-cpp.pdb
c:\users\sqjm\desktop\super-language\compiler\super-cpp20-vs2022\super-cpp\x64\debug\super-cpp.ilk
c:\users\sqjm\desktop\super-language\compiler\super-cpp20-vs2022\super-cpp\x64\debug\parenthesis .obj
c:\users\sqjm\desktop\super-language\compiler\super-cpp20-vs2022\super-cpp\x64\debug\extract_token.new.obj.enc
c:\users\sqjm\desktop\super-language\compiler\super-cpp20-vs2022\super-cpp\x64\debug\super-cpp.tlog\cl.command.1.tlog
c:\users\sqjm\desktop\super-language\compiler\super-cpp20-vs2022\super-cpp\x64\debug\super-cpp.tlog\cl.items.tlog
c:\users\sqjm\desktop\super-language\compiler\super-cpp20-vs2022\super-cpp\x64\debug\super-cpp.tlog\cl.read.1.tlog
c:\users\sqjm\desktop\super-language\compiler\super-cpp20-vs2022\super-cpp\x64\debug\super-cpp.tlog\cl.write.1.tlog
c:\users\sqjm\desktop\super-language\compiler\super-cpp20-vs2022\super-cpp\x64\debug\super-cpp.tlog\link.command.1.tlog
c:\users\sqjm\desktop\super-language\compiler\super-cpp20-vs2022\super-cpp\x64\debug\super-cpp.tlog\link.read.1.tlog
c:\users\sqjm\desktop\super-language\compiler\super-cpp20-vs2022\super-cpp\x64\debug\super-cpp.tlog\link.secondary.1.tlog
c:\users\sqjm\desktop\super-language\compiler\super-cpp20-vs2022\super-cpp\x64\debug\super-cpp.tlog\link.write.1.tlog
